
  .............⨯...............................⨯..............................
  ...............................................................⨯............
  .....⨯..............................................⨯........⨯.⨯⨯⨯⨯⨯⨯⨯.⨯....
  ...................⨯⨯....⨯.⨯⨯⨯....⨯..............⨯.....⨯....................
  ...............

  ──────────────────────────────────────────────────────────────────── Laravel  
    FAIL   ........................................ 319 files, 23 style issues  
  ⨯ app/Console/Commands/CheckRequirements.php concat_space, not_operator_wit…  
  ⨯ app/Console/Commands/ClearCache.php      not_operator_with_successor_space  
  ⨯ app/Console/Commands/CreateUser.php new_with_parentheses, no_superfluous_…  
  ⨯ app/Console/Commands/LogoutUsers.php           no_whitespace_in_blank_line  
  ⨯ app/Console/Commands/ModuleBuild.php  new_with_parentheses, concat_space,…  
  ⨯ app/Console/Commands/ModuleInstall.php blank_line_after_opening_tag, not_…  
  ⨯ app/Console/Commands/ModuleUpdate.php new_with_parentheses, braces, blank…  
  ⨯ app/Console/Commands/Update.php concat_space, not_operator_with_successor…  
  ⨯ app/Console/Commands/UpdateFolderCounters.php concat_space, blank_line_be…  
  ⨯ app/Http/Controllers/ConversationController.php unary_operator_spaces, no…  
  ⨯ app/Jobs/SendNotificationToUsers.php braces, no_trailing_whitespace, unar…  
  ⨯ app/Listeners/LogUserDeletion.php                             concat_space  
  ⨯ app/Mail/Alert.php braces, unary_operator_spaces, not_operator_with_succe…  
  ⨯ app/Mail/UserEmailReplyError.php                    single_line_empty_body  
  ⨯ app/Mail/UserNotification.php braces, no_unreachable_default_argument_val…  
  ⨯ app/Policies/ConversationPolicy.php unary_operator_spaces, not_operator_w…  
  ⨯ app/Policies/FolderPolicy.php                  no_whitespace_in_blank_line  
  ⨯ app/Policies/ThreadPolicy.php                       no_trailing_whitespace  
  ⨯ config/app.php                                      binary_operator_spaces  
  ⨯ routes/web.php                                 no_whitespace_in_blank_line  
  ⨯ tests/Feature/PartialsComponentsTest.php                 no_unused_imports  
  ⨯ tests/Feature/PerformanceTest.php                    method_argument_space  
  ⨯ tests/Unit/Jobs/SendNotificationToUsersTest.php          no_unused_imports  

