Running PHPStan level 0:    
Running PHPStan level 0: .  
Running PHPStan level 0: .. 
Running PHPStan level 0: ...
Running PHPStan level 0: ....
Running PHPStan level 0: .....
Running PHPStan level 0:    
Running PHPStan level 0: .  
Running PHPStan level 0: .. 
Running PHPStan level 0: ...
Running PHPStan level 0: ....
Running PHPStan level 0: .....
Running PHPStan level 0:    
Running PHPStan level 0: .  
Running PHPStan level 0: .. 
Running PHPStan level 0: ...
Running PHPStan level 0: ....
Running PHPStan level 0: .....
Running PHPStan level 0:    
Running PHPStan level 0: .  
Running PHPStan level 0: found 0 errors
Running PHPStan level 1:    
Running PHPStan level 1: .  
Running PHPStan level 1: .. 
Running PHPStan level 1: ...
Running PHPStan level 1: ....
Running PHPStan level 1: .....
Running PHPStan level 1:    
Running PHPStan level 1: .  
Running PHPStan level 1: .. 
Running PHPStan level 1: ...
Running PHPStan level 1: ....
Running PHPStan level 1: .....
Running PHPStan level 1:    
Running PHPStan level 1: .  
Running PHPStan level 1: .. 
Running PHPStan level 1: ...
Running PHPStan level 1: ....
Running PHPStan level 1: .....
Running PHPStan level 1:    
Running PHPStan level 1: .  
Running PHPStan level 1: found 0 errors
Running PHPStan level 2:    
Running PHPStan level 2: .  
Running PHPStan level 2: .. 
Running PHPStan level 2: ...
Running PHPStan level 2: ....
Running PHPStan level 2: .....
Running PHPStan level 2:    
Running PHPStan level 2: .  
Running PHPStan level 2: .. 
Running PHPStan level 2: ...
Running PHPStan level 2: ....
Running PHPStan level 2: .....
Running PHPStan level 2:    
Running PHPStan level 2: .  
Running PHPStan level 2: .. 
Running PHPStan level 2: ...
Running PHPStan level 2: ....
Running PHPStan level 2: .....
Running PHPStan level 2:    
Running PHPStan level 2: .  
Running PHPStan level 2: found 2 errors
Running PHPStan level 3:    
Running PHPStan level 3: .  
Running PHPStan level 3: .. 
Running PHPStan level 3: ...
Running PHPStan level 3: ....
Running PHPStan level 3: .....
Running PHPStan level 3:    
Running PHPStan level 3: .  
Running PHPStan level 3: .. 
Running PHPStan level 3: ...
Running PHPStan level 3: ....
Running PHPStan level 3: .....
Running PHPStan level 3:    
Running PHPStan level 3: .  
Running PHPStan level 3: .. 
Running PHPStan level 3: ...
Running PHPStan level 3: ....
Running PHPStan level 3: .....
Running PHPStan level 3:    
Running PHPStan level 3: .  
Running PHPStan level 3: found 2 errors
Running PHPStan level 4:    
Running PHPStan level 4: .  
Running PHPStan level 4: .. 
Running PHPStan level 4: ...
Running PHPStan level 4: ....
Running PHPStan level 4: .....
Running PHPStan level 4:    
Running PHPStan level 4: .  
Running PHPStan level 4: .. 
Running PHPStan level 4: ...
Running PHPStan level 4: ....
Running PHPStan level 4: .....
Running PHPStan level 4:    
Running PHPStan level 4: .  
Running PHPStan level 4: .. 
Running PHPStan level 4: ...
Running PHPStan level 4: ....
Running PHPStan level 4: .....
Running PHPStan level 4:    
Running PHPStan level 4: .  
Running PHPStan level 4: found 7 errors
Running PHPStan level 5:    
Running PHPStan level 5: .  
Running PHPStan level 5: .. 
Running PHPStan level 5: ...
Running PHPStan level 5: ....
Running PHPStan level 5: .....
Running PHPStan level 5:    
Running PHPStan level 5: .  
Running PHPStan level 5: .. 
Running PHPStan level 5: ...
Running PHPStan level 5: ....
Running PHPStan level 5: .....
Running PHPStan level 5:    
Running PHPStan level 5: .  
Running PHPStan level 5: .. 
Running PHPStan level 5: ...
Running PHPStan level 5: ....
Running PHPStan level 5: .....
Running PHPStan level 5:    
Running PHPStan level 5: .  
Running PHPStan level 5: found 9 errors
Running PHPStan level 6:    
Running PHPStan level 6: .  
Running PHPStan level 6: .. 
Running PHPStan level 6: ...
Running PHPStan level 6: ....
Running PHPStan level 6: .....
Running PHPStan level 6:    
Running PHPStan level 6: .  
Running PHPStan level 6: .. 
Running PHPStan level 6: ...
Running PHPStan level 6: ....
Running PHPStan level 6: .....
Running PHPStan level 6:    
Running PHPStan level 6: .  
Running PHPStan level 6: .. 
Running PHPStan level 6: ...
Running PHPStan level 6: ....
Running PHPStan level 6: .....
Running PHPStan level 6:    
Running PHPStan level 6: .  
Running PHPStan level 6: found 54 errors
Running PHPStan level 7:    
Running PHPStan level 7: .  
Running PHPStan level 7: .. 
Running PHPStan level 7: ...
Running PHPStan level 7: ....
Running PHPStan level 7: .....
Running PHPStan level 7:    
Running PHPStan level 7: .  
Running PHPStan level 7: .. 
Running PHPStan level 7: ...
Running PHPStan level 7: ....
Running PHPStan level 7: .....
Running PHPStan level 7:    
Running PHPStan level 7: .  
Running PHPStan level 7: .. 
Running PHPStan level 7: ...
Running PHPStan level 7: ....
Running PHPStan level 7: .....
Running PHPStan level 7:    
Running PHPStan level 7: .  
Running PHPStan level 7: found 54 errors
Running PHPStan level 8:    
Running PHPStan level 8: .  
Running PHPStan level 8: .. 
Running PHPStan level 8: ...
Running PHPStan level 8: ....
Running PHPStan level 8: .....
Running PHPStan level 8:    
Running PHPStan level 8: .  
Running PHPStan level 8: .. 
Running PHPStan level 8: ...
Running PHPStan level 8: ....
Running PHPStan level 8: .....
Running PHPStan level 8:    
Running PHPStan level 8: .  
Running PHPStan level 8: .. 
Running PHPStan level 8: ...
Running PHPStan level 8: ....
Running PHPStan level 8: .....
Running PHPStan level 8:    
Running PHPStan level 8: .  
Running PHPStan level 8: found 54 errors


+-------+-------------+-----------+
| Level | Error count | Increment |
+-------+-------------+-----------+
|     0 |           0 |         - |
|     1 |           0 |         - |
|     2 |           2 |       + 2 |
|     3 |           2 |         - |
|     4 |           7 |       + 5 |
|     5 |           9 |       + 2 |
|     6 |          54 |      + 45 |
|     7 |          54 |         - |
|     8 |          54 |         - |
+-------+-------------+-----------+
